#
# There is insufficient memory for the Java Runtime Environment to continue.
# Native memory allocation (malloc) failed to allocate 1048576 bytes for AllocateHeap
# Possible reasons:
#   The system is out of physical RAM or swap space
#   In 32 bit mode, the process size limit was hit
# Possible solutions:
#   Reduce memory load on the system
#   Increase physical memory or swap space
#   Check if swap backing store is full
#   Use 64 bit Java on a 64 bit OS
#   Decrease Java heap size (-Xmx/-Xms)
#   Decrease number of Java threads
#   Decrease Java thread stack sizes (-Xss)
#   Set larger code cache with -XX:ReservedCodeCacheSize=
# This output file may be truncated or incomplete.
#
#  Out of Memory Error (memory/allocation.inline.hpp:61), pid=8308, tid=0x000000000000353c
#
# JRE version:  (8.0) (build )
# Java VM: OpenJDK 64-Bit Server VM (25.71-b00 mixed mode windows-amd64 compressed oops)
# Failed to write core dump. Minidumps are not enabled by default on client versions of Windows
#

---------------  T H R E A D  ---------------

Current thread (0x0000000002854000):  JavaThread "Unknown thread" [_thread_in_vm, id=13628, stack(0x0000000002750000,0x0000000002850000)]

Stack: [0x0000000002750000,0x0000000002850000]
[error occurred during error reporting (printing stack bounds), id 0xc0000005]

Native frames: (J=compiled Java code, j=interpreted, Vv=VM code, C=native code)


---------------  P R O C E S S  ---------------

Java Threads: ( => current thread )

Other Threads:

=>0x0000000002854000 (exited) JavaThread "Unknown thread" [_thread_in_vm, id=13628, stack(0x0000000002750000,0x0000000002850000)]

VM state:not at safepoint (normal execution)

VM Mutex/Monitor currently owned by a thread: None

Heap:
 PSYoungGen      total 38400K, used 665K [0x00000000d5e00000, 0x00000000d8880000, 0x0000000100000000)
  eden space 33280K, 2% used [0x00000000d5e00000,0x00000000d5ea6670,0x00000000d7e80000)
  from space 5120K, 0% used [0x00000000d8380000,0x00000000d8380000,0x00000000d8880000)
  to   space 5120K, 0% used [0x00000000d7e80000,0x00000000d7e80000,0x00000000d8380000)
 ParOldGen       total 87552K, used 0K [0x0000000081a00000, 0x0000000086f80000, 0x00000000d5e00000)
  object space 87552K, 0% used [0x0000000081a00000,0x0000000081a00000,0x0000000086f80000)
 Metaspace       used 777K, capacity 4480K, committed 4480K, reserved 1056768K
  class space    used 74K, capacity 384K, committed 384K, reserved 1048576K

Card table byte_map: [0x0000000011d10000,0x0000000012110000] byte_map_base: 0x0000000011903000

Marking Bits: (ParMarkBitMap*) 0x0000000077a4be50
 Begin Bits: [0x00000000127c0000, 0x0000000014758000)
 End Bits:   [0x0000000014758000, 0x00000000166f0000)

Polling page: 0x00000000025d0000

CodeCache: size=245760Kb used=328Kb max_used=328Kb free=245431Kb
 bounds [0x0000000002950000, 0x0000000002bc0000, 0x0000000011950000]
 total_blobs=57 nmethods=0 adapters=38
 compilation: enabled

Compilation events (0 events):
No events

GC Heap History (0 events):
No events

Deoptimization events (0 events):
No events

Classes redefined (0 events):
No events

Internal exceptions (0 events):
No events

Events (10 events):
Event: 0.040 loading class java/lang/Short
Event: 0.040 loading class java/lang/Short done
Event: 0.040 loading class java/lang/Integer
Event: 0.040 loading class java/lang/Integer done
Event: 0.040 loading class java/lang/Long
Event: 0.040 loading class java/lang/Long done
Event: 0.041 loading class java/lang/NullPointerException
Event: 0.041 loading class java/lang/NullPointerException done
Event: 0.041 loading class java/lang/ArithmeticException
Event: 0.041 loading class java/lang/ArithmeticException done


Dynamic libraries:
0x00007ff7ae3b0000 - 0x00007ff7ae3e5000 	C:\Program Files\2019.3.0f6\Editor\Data\PlaybackEngines\AndroidPlayer\OpenJDK\bin\java.exe
0x00007ff8a6ff0000 - 0x00007ff8a71c0000 	C:\Windows\SYSTEM32\ntdll.dll
0x00007ff8a6d10000 - 0x00007ff8a6dbc000 	C:\Windows\System32\KERNEL32.DLL
0x00007ff8a3b10000 - 0x00007ff8a3d2e000 	C:\Windows\System32\KERNELBASE.dll
0x00007ff8a6a30000 - 0x00007ff8a6ad2000 	C:\Windows\System32\ADVAPI32.dll
0x00007ff8a6990000 - 0x00007ff8a6a2e000 	C:\Windows\System32\msvcrt.dll
0x00007ff8a4580000 - 0x00007ff8a45d9000 	C:\Windows\System32\sechost.dll
0x00007ff8a6860000 - 0x00007ff8a6981000 	C:\Windows\System32\RPCRT4.dll
0x00007ff8a4b10000 - 0x00007ff8a4c76000 	C:\Windows\System32\USER32.dll
0x00007ff8a35d0000 - 0x00007ff8a35ee000 	C:\Windows\System32\win32u.dll
0x00007ff8a61f0000 - 0x00007ff8a6224000 	C:\Windows\System32\GDI32.dll
0x00007ff8a3980000 - 0x00007ff8a3b01000 	C:\Windows\System32\gdi32full.dll
0x00007ff8945f0000 - 0x00007ff89486a000 	C:\Windows\WinSxS\amd64_microsoft.windows.common-controls_6595b64144ccf1df_6.0.14393.3053_none_7de042968342015d\COMCTL32.dll
0x00007ff8a47e0000 - 0x00007ff8a4aa5000 	C:\Windows\System32\combase.dll
0x00007ff8a4480000 - 0x00007ff8a4574000 	C:\Windows\System32\ucrtbase.dll
0x00007ff8a3d30000 - 0x00007ff8a3d9a000 	C:\Windows\System32\bcryptPrimitives.dll
0x00007ff8a6fc0000 - 0x00007ff8a6fee000 	C:\Windows\System32\IMM32.DLL
0x0000000077ad0000 - 0x0000000077ba2000 	C:\Program Files\2019.3.0f6\Editor\Data\PlaybackEngines\AndroidPlayer\OpenJDK\jre\bin\msvcr100.dll
0x0000000077280000 - 0x0000000077ac9000 	C:\Program Files\2019.3.0f6\Editor\Data\PlaybackEngines\AndroidPlayer\OpenJDK\jre\bin\server\jvm.dll
0x00007ff8a47d0000 - 0x00007ff8a47d8000 	C:\Windows\System32\PSAPI.DLL
0x00007ff8956c0000 - 0x00007ff8956c9000 	C:\Windows\SYSTEM32\WSOCK32.dll
0x00007ff8a19a0000 - 0x00007ff8a19c3000 	C:\Windows\SYSTEM32\WINMM.dll
0x00007ff897c00000 - 0x00007ff897c0a000 	C:\Windows\SYSTEM32\VERSION.dll
0x00007ff8a62a0000 - 0x00007ff8a630a000 	C:\Windows\System32\WS2_32.dll
0x0000000000a80000 - 0x0000000000aab000 	C:\Windows\SYSTEM32\WINMMBASE.dll
0x00007ff8a34e0000 - 0x00007ff8a3522000 	C:\Windows\System32\cfgmgr32.dll
0x00007ff885fa0000 - 0x00007ff885faf000 	C:\Program Files\2019.3.0f6\Editor\Data\PlaybackEngines\AndroidPlayer\OpenJDK\jre\bin\verify.dll
0x00007ff834b10000 - 0x00007ff834b39000 	C:\Program Files\2019.3.0f6\Editor\Data\PlaybackEngines\AndroidPlayer\OpenJDK\jre\bin\java.dll
0x00007ff8692f0000 - 0x00007ff869306000 	C:\Program Files\2019.3.0f6\Editor\Data\PlaybackEngines\AndroidPlayer\OpenJDK\jre\bin\zip.dll

VM Arguments:
jvm_args: -Dcom.android.sdklib.toolsdir=C:\Program Files\2019.3.0f6\Editor\Data\PlaybackEngines\AndroidPlayer\SDK\tools\bin\\.. 
java_command: com.android.sdklib.tool.sdkmanager.SdkManagerCli --list
java_class_path (initial): C:\Program Files\2019.3.0f6\Editor\Data\PlaybackEngines\AndroidPlayer\SDK\tools\bin\..\lib\dvlib-26.0.0-dev.jar;C:\Program Files\2019.3.0f6\Editor\Data\PlaybackEngines\AndroidPlayer\SDK\tools\bin\..\lib\jimfs-1.1.jar;C:\Program Files\2019.3.0f6\Editor\Data\PlaybackEngines\AndroidPlayer\SDK\tools\bin\..\lib\jsr305-1.3.9.jar;C:\Program Files\2019.3.0f6\Editor\Data\PlaybackEngines\AndroidPlayer\SDK\tools\bin\..\lib\repository-26.0.0-dev.jar;C:\Program Files\2019.3.0f6\Editor\Data\PlaybackEngines\AndroidPlayer\SDK\tools\bin\..\lib\j2objc-annotations-1.1.jar;C:\Program Files\2019.3.0f6\Editor\Data\PlaybackEngines\AndroidPlayer\SDK\tools\bin\..\lib\layoutlib-api-26.0.0-dev.jar;C:\Program Files\2019.3.0f6\Editor\Data\PlaybackEngines\AndroidPlayer\SDK\tools\bin\..\lib\gson-2.3.jar;C:\Program Files\2019.3.0f6\Editor\Data\PlaybackEngines\AndroidPlayer\SDK\tools\bin\..\lib\httpcore-4.2.5.jar;C:\Program Files\2019.3.0f6\Editor\Data\PlaybackEngines\AndroidPlayer\SDK\tools\bin\..\lib\commons-logging-1.1.1.jar;C:\Program Files\2019.3.0f6\Editor\Data\PlaybackEngines\AndroidPlayer\SDK\tools\bin\..\lib\commons-compress-1.12.jar;C:\Program Files\2019.3.0f6\Editor\Data\PlaybackEngines\AndroidPlayer\SDK\tools\bin\..\lib\annotations-26.0.0-dev.jar;C:\Program Files\2019.3.0f6\Editor\Data\PlaybackEngines\AndroidPlayer\SDK\tools\bin\..\lib\error_prone_annotations-2.0.18.jar;C:\Program Files\2019.3.0f6\Editor\Data\PlaybackEngines\AndroidPlayer\SDK\tools\bin\..\lib\animal-sniffer-annotations-1.14.jar;C:\Program Files\2019.3.0f6\Editor\Data\PlaybackEngines\AndroidPlayer\SDK\tools\bin\..\lib\httpclient-4.2.6.jar;C:\Program Files\2019.3.0f6\Editor\Data\PlaybackEngines\AndroidPlayer\SDK\tools\bin\..\lib\commons-codec-1.6.jar;C:\Program Files\2019.3.0f6\Editor\Data\PlaybackEngines\AndroidPlayer\SDK\tools\bin\..\lib\common-26.0.0-dev.jar;C:\Program Files\2019.3.0f6\Editor\Data\PlaybackEngines\AndroidPlayer\SDK\tools\bin\..\lib\kxml2-2.3.0.jar;C:\Program Files\2019.3.0f6
Launcher Type: SUN_STANDARD

Environment Variables:
JAVA_HOME=C:/Program Files/2019.3.0f6/Editor/Data/PlaybackEngines/AndroidPlayer\OpenJDK
PATH=C:\Program Files\Microsoft MPI\Bin\;C:\Python39\Scripts\;C:\Python39\;C:\Program Files (x86)\Common Files\Oracle\Java\javapath;C:\Windows\system32;C:\Windows;C:\Windows\System32\Wbem;C:\Windows\System32\WindowsPowerShell\v1.0\;C:\Program Files\Git\cmd;C:\Program Files\MATLAB\R2015b\bin;C:\Program Files\Microsoft SQL Server\130\Tools\Binn\;D:\nodejs\;C:\ProgramData\chocolatey\bin;C:\Program Files (x86)\Microsoft SQL Server\150\DTS\Binn\;C:\Program Files\Azure Data Studio\bin;C:\Program Files\Microsoft SQL Server\Client SDK\ODBC\170\Tools\Binn\;C:\Program Files (x86)\Microsoft SQL Server\150\Tools\Binn\;C:\Program Files\Microsoft SQL Server\150\Tools\Binn\;C:\Program Files\Microsoft SQL Server\150\DTS\Binn\;D:\Gpg4win\..\GnuPG\bin;\Scripts;C:\Users\Вольдемар\AppData\Local\Programs\Python\Python310\Scripts\;C:\Users\Вольдемар\AppData\Local\Programs\Python\Python310\;C:\Users\Вольдемар\AppData\Local\Microsoft\WindowsApps;C:\Users\Вольдемар\AppData\Local\GitHubDesktop\bin;C:\Program Files\JetBrains\PyCharm Community Edition 2019.2.1\bin;;C:\Users\Вольдемар\AppData\Local\Programs\Python\Python37-32\Scripts;C:\Users\Вольдемар\AppData\Local\Programs\Python\Python37-32;C:\Program Files\JetBrains\IntelliJ IDEA 2019.2.4\bin;;D:\JETBRAINS_JAVA\IntelliJ IDEA Community Edition 2020.2.3\IntelliJ IDEA Community Edition 2020.3\bin;;C:\Users\Вольдемар\AppData\Roaming\npm;C:\Program Files\Azure Data Studio\bin;C:\Python37-32;C:\Python37-32\Scripts
USERNAME=Voldemar
OS=Windows_NT
PROCESSOR_IDENTIFIER=Intel64 Family 6 Model 58 Stepping 9, GenuineIntel



---------------  S Y S T E M  ---------------

OS: Windows 10.0 , 64 bit Build 14393 (10.0.14393.3630)

CPU:total 4 (initial active 4) (2 cores per cpu, 2 threads per core) family 6 model 58 stepping 9, cmov, cx8, fxsr, mmx, sse, sse2, sse3, ssse3, sse4.1, sse4.2, popcnt, avx, aes, clmul, erms, ht, tsc, tscinvbit, tscinv

Memory: 4k page, physical 8277512k(1023640k free), swap 8277512k(5468k free)

vm_info: OpenJDK 64-Bit Server VM (25.71-b00) for windows-amd64 JRE (1.8.0-adoptopenjdk-_2018_05_19_00_59-b00), built on May 19 2018 01:02:12 by "jenkins" with MS VC++ 10.0 (VS2010)

time: Wed Feb 09 21:18:05 2022
elapsed time: 0 seconds (0d 0h 0m 0s)

